# JRE version: Java(TM) SE Runtime Environment (21.0.1+12) (build 21.0.1+12-LTS-29)
# Java VM: Java HotSpot(TM) 64-Bit Server VM (21.0.1+12-LTS-29, mixed mode, sharing, tiered, compressed oops, compressed class ptrs, g1 gc, linux-amd64)
GC Precious Log:
 CardTable entry size: 512
 Card Set container configuration: InlinePtr #cards 4 size 8 Array Of Cards #cards 16 size 48 Howl #buckets 8 coarsen threshold 3686 Howl Bitmap #cards 512 size 80 coarsen threshold 460 Card regions per heap region 1 cards per card region 4096
 CPUs: 8 total, 8 available
 Memory: 15731M
 Large Page Support: Disabled
 NUMA Support: Disabled
 Compressed Oops: Enabled (Zero based)
 Heap Region Size: 2M
 Heap Min Capacity: 8M
 Heap Initial Capacity: 246M
 Heap Max Capacity: 3934M
 Pre-touch: Disabled
 Parallel Workers: 8
 Concurrent Workers: 2
 Concurrent Refinement Workers: 8
 Periodic GC: Disabled
Heap:
 garbage-first heap   total 253952K, used 123838K [0x000000070a200000, 0x0000000800000000)
  region size 2048K, 48 young (98304K), 6 survivors (12288K)
 Metaspace       used 20181K, committed 20480K, reserved 1114112K
  class space    used 2950K, committed 3072K, reserved 1048576K
GC Heap History (12 events):
Event: 0,454 GC heap before
{Heap before GC invocations=0 (full 0):
 garbage-first heap   total 253952K, used 21534K [0x000000070a200000, 0x0000000800000000)
  region size 2048K, 11 young (22528K), 0 survivors (0K)
 Metaspace       used 4846K, committed 5056K, reserved 1114112K
  class space    used 553K, committed 640K, reserved 1048576K
}
Event: 0,456 GC heap after
{Heap after GC invocations=1 (full 0):
 garbage-first heap   total 253952K, used 3226K [0x000000070a200000, 0x0000000800000000)
  region size 2048K, 2 young (4096K), 2 survivors (4096K)
 Metaspace       used 4846K, committed 5056K, reserved 1114112K
  class space    used 553K, committed 640K, reserved 1048576K
}
Event: 3,971 GC heap before
{Heap before GC invocations=1 (full 0):
 garbage-first heap   total 253952K, used 156826K [0x000000070a200000, 0x0000000800000000)
  region size 2048K, 31 young (63488K), 2 survivors (4096K)
 Metaspace       used 15722K, committed 16000K, reserved 1114112K
  class space    used 2298K, committed 2432K, reserved 1048576K
}
Event: 3,978 GC heap after
{Heap after GC invocations=2 (full 0):
 garbage-first heap   total 253952K, used 24607K [0x000000070a200000, 0x0000000800000000)
  region size 2048K, 5 young (10240K), 5 survivors (10240K)
 Metaspace       used 15722K, committed 16000K, reserved 1114112K
  class space    used 2298K, committed 2432K, reserved 1048576K
}
Event: 5,153 GC heap before
{Heap before GC invocations=2 (full 0):
 garbage-first heap   total 253952K, used 96287K [0x000000070a200000, 0x0000000800000000)
  region size 2048K, 9 young (18432K), 5 survivors (10240K)
 Metaspace       used 16246K, committed 16512K, reserved 1114112K
  class space    used 2309K, committed 2432K, reserved 1048576K
}
Event: 5,158 GC heap after
{Heap after GC invocations=3 (full 0):
 garbage-first heap   total 253952K, used 25167K [0x000000070a200000, 0x0000000800000000)
  region size 2048K, 5 young (10240K), 5 survivors (10240K)
 Metaspace       used 16246K, committed 16512K, reserved 1114112K
  class space    used 2309K, committed 2432K, reserved 1048576K
}
Event: 5,408 GC heap before
{Heap before GC invocations=3 (full 0):
 garbage-first heap   total 253952K, used 92751K [0x000000070a200000, 0x0000000800000000)
  region size 2048K, 8 young (16384K), 5 survivors (10240K)
 Metaspace       used 16281K, committed 16576K, reserved 1114112K
  class space    used 2309K, committed 2432K, reserved 1048576K
}
Event: 5,412 GC heap after
{Heap after GC invocations=4 (full 0):
 garbage-first heap   total 253952K, used 24969K [0x000000070a200000, 0x0000000800000000)
  region size 2048K, 5 young (10240K), 5 survivors (10240K)
 Metaspace       used 16281K, committed 16576K, reserved 1114112K
  class space    used 2309K, committed 2432K, reserved 1048576K
}
Event: 5,689 GC heap before
{Heap before GC invocations=4 (full 0):
 garbage-first heap   total 253952K, used 102793K [0x000000070a200000, 0x0000000800000000)
  region size 2048K, 8 young (16384K), 5 survivors (10240K)
 Metaspace       used 16408K, committed 16640K, reserved 1114112K
  class space    used 2312K, committed 2432K, reserved 1048576K
}
Event: 5,695 GC heap after
{Heap after GC invocations=5 (full 0):
 garbage-first heap   total 253952K, used 40820K [0x000000070a200000, 0x0000000800000000)
  region size 2048K, 6 young (12288K), 6 survivors (12288K)
 Metaspace       used 16408K, committed 16640K, reserved 1114112K
  class space    used 2312K, committed 2432K, reserved 1048576K
}
Event: 9,502 GC heap before
{Heap before GC invocations=5 (full 0):
 garbage-first heap   total 253952K, used 161652K [0x000000070a200000, 0x0000000800000000)
  region size 2048K, 26 young (53248K), 6 survivors (12288K)
 Metaspace       used 19351K, committed 19648K, reserved 1114112K
  class space    used 2936K, committed 3072K, reserved 1048576K
}
Event: 9,511 GC heap after
{Heap after GC invocations=6 (full 0):
 garbage-first heap   total 253952K, used 35774K [0x000000070a200000, 0x0000000800000000)
  region size 2048K, 6 young (12288K), 6 survivors (12288K)
 Metaspace       used 19351K, committed 19648K, reserved 1114112K
  class space    used 2936K, committed 3072K, reserved 1048576K
}

